<?xml version="1.0" encoding="UTF-8"?>
<!-- Generated by org.testng.reporters.JUnitXMLReporter -->
<testsuite ignored="3" hostname="Vyshnav-Rajan" failures="0" tests="2" name="Test" time="0.077" errors="0" timestamp="2024-03-20T09:48:00 IST">
  <testcase classname="testngpkg.TestngGrouping" name="test4" time="0.013"/>
  <testcase classname="testngpkg.TestngGrouping" name="test5" time="0.002"/>
  <testcase classname="testngpkg.TestngGrouping" name="test1" time="0.0">
    <ignored/>
  </testcase> <!-- test1 -->
  <testcase classname="testngpkg.TestngGrouping" name="test3" time="0.0">
    <ignored/>
  </testcase> <!-- test3 -->
  <testcase classname="testngpkg.TestngGrouping" name="test2" time="0.0">
    <ignored/>
  </testcase> <!-- test2 -->
</testsuite> <!-- Test -->
