<?xml version="1.0" encoding="UTF-8"?>
<testng-results ignored="0" total="1" passed="1" failed="0" skipped="0">
  <reporter-output>
  </reporter-output>
  <suite started-at="2024-04-02T14:58:22 IST" name="Default suite" finished-at="2024-04-02T14:58:30 IST" duration-ms="7816">
    <groups>
    </groups>
    <test started-at="2024-04-02T14:58:22 IST" name="Default test" finished-at="2024-04-02T14:58:30 IST" duration-ms="7816">
      <class name="testngpkg.EbayApplictaion">
        <test-method is-config="true" signature="setUp()[pri:0, instance:testngpkg.EbayApplictaion@121314f7]" started-at="2024-04-02T14:58:22 IST" name="setUp" finished-at="2024-04-02T14:58:27 IST" duration-ms="4574" status="PASS">
          <reporter-output>
          </reporter-output>
        </test-method> <!-- setUp -->
        <test-method signature="test1()[pri:0, instance:testngpkg.EbayApplictaion@121314f7]" started-at="2024-04-02T14:58:27 IST" name="test1" finished-at="2024-04-02T14:58:30 IST" duration-ms="3215" status="PASS">
          <reporter-output>
          </reporter-output>
        </test-method> <!-- test1 -->
      </class> <!-- testngpkg.EbayApplictaion -->
    </test> <!-- Default test -->
  </suite> <!-- Default suite -->
</testng-results>
